<?xml version="1.0" encoding="UTF-8"?>
<testng-results ignored="0" total="1" passed="1" failed="0" skipped="0">
  <reporter-output>
  </reporter-output>
  <suite started-at="2026-04-28T00:12:57 IST" name="Default suite" finished-at="2026-04-28T00:12:59 IST" duration-ms="2808">
    <groups>
    </groups>
    <test started-at="2026-04-28T00:12:57 IST" name="Default test" finished-at="2026-04-28T00:12:59 IST" duration-ms="2808">
      <class name="Test.ECommerceAPITest">
        <test-method signature="ecommerceAPITest()[pri:0, instance:Test.ECommerceAPITest@4802796d]" started-at="2026-04-28T00:12:57 IST" name="ecommerceAPITest" finished-at="2026-04-28T00:12:59 IST" duration-ms="2775" status="PASS">
          <reporter-output>
          </reporter-output>
        </test-method> <!-- ecommerceAPITest -->
      </class> <!-- Test.ECommerceAPITest -->
    </test> <!-- Default test -->
  </suite> <!-- Default suite -->
</testng-results>
